<?xml version="1.0" encoding="UTF-8"?>
<!-- Generated by org.testng.reporters.JUnitReportReporter -->
<testsuite hostname="Rakeshs-MacBook-Pro.local" failures="0" tests="1" name="tests.TestProfiles" time="7.587" errors="0" timestamp="2021-05-18T16:45:28 IST" skipped="0">
  <testcase classname="tests.TestProfiles" name="verifyAddNewProfile" time="7.587"/>
</testsuite> <!-- tests.TestProfiles -->
