<?xml version="1.0" encoding="UTF-8"?>
<!-- Generated by org.testng.reporters.JUnitReportReporter -->
<testsuite hostname="Rakeshs-MacBook-Pro.local" failures="0" tests="1" name="tests.TestComments" time="7.584" errors="0" timestamp="2021-05-18T16:45:28 IST" skipped="0">
  <testcase classname="tests.TestComments" name="verifyAddAndEditComment" time="7.584"/>
</testsuite> <!-- tests.TestComments -->
