<?xml version="1.0" encoding="UTF-8"?>
<!-- Generated by org.testng.reporters.JUnitReportReporter -->
<testsuite hostname="Rakeshs-MacBook-Pro.local" failures="0" tests="1" name="tests.TestPosts" time="7.601" errors="0" timestamp="2021-05-18T16:45:28 IST" skipped="0">
  <testcase classname="tests.TestPosts" name="verifyAddNewProfile" time="7.601"/>
</testsuite> <!-- tests.TestPosts -->
