<?xml version="1.0" encoding="UTF-8"?>
<!-- Generated by org.testng.reporters.JUnitReportReporter -->
<testsuite hostname="Rakeshs-MacBook-Pro.local" failures="0" tests="2" name="Basic" time="4.646" errors="0" timestamp="2021-05-11T19:53:34 IST" skipped="0">
  <testcase classname="Basic" name="testGetRequest" time="2.323"/>
  <system-out/>
  <testcase classname="Basic" name="testPutRequest" time="2.323"/>
  <system-out/>
</testsuite> <!-- Basic -->
